[{"line":1,"elements":[{"line":3,"name":"","description":"","type":"background","keyword":"Background","steps":[{"result":{"error_message":"io.cucumber.core.exception.CucumberException: Failed to instantiate class StepDefinitions._01_LoginSteps\r\n\tat io.cucumber.core.backend.DefaultObjectFactory.cacheNewInstance(DefaultObjectFactory.java:67)\r\n\tat io.cucumber.core.backend.DefaultObjectFactory.getInstance(DefaultObjectFactory.java:45)\r\n\tat io.cucumber.java.AbstractGlueDefinition.invokeMethod(AbstractGlueDefinition.java:47)\r\n\tat io.cucumber.java.JavaStepDefinition.execute(JavaStepDefinition.java:29)\r\n\tat io.cucumber.core.runner.CoreStepDefinition.execute(CoreStepDefinition.java:66)\r\n\tat io.cucumber.core.runner.PickleStepDefinitionMatch.runStep(PickleStepDefinitionMatch.java:63)\r\n\tat io.cucumber.core.runner.ExecutionMode$1.execute(ExecutionMode.java:10)\r\n\tat io.cucumber.core.runner.TestStep.executeStep(TestStep.java:85)\r\n\tat io.cucumber.core.runner.TestStep.run(TestStep.java:57)\r\n\tat io.cucumber.core.runner.PickleStepTestStep.run(PickleStepTestStep.java:51)\r\n\tat io.cucumber.core.runner.TestCase.run(TestCase.java:84)\r\n\tat io.cucumber.core.runner.Runner.runPickle(Runner.java:75)\r\n\tat io.cucumber.testng.TestNGCucumberRunner.lambda$runScenario$1(TestNGCucumberRunner.java:132)\r\n\tat io.cucumber.core.runtime.CucumberExecutionContext.lambda$runTestCase$5(CucumberExecutionContext.java:129)\r\n\tat io.cucumber.core.runtime.RethrowingThrowableCollector.executeAndThrow(RethrowingThrowableCollector.java:23)\r\n\tat io.cucumber.core.runtime.CucumberExecutionContext.runTestCase(CucumberExecutionContext.java:129)\r\n\tat io.cucumber.testng.TestNGCucumberRunner.runScenario(TestNGCucumberRunner.java:129)\r\n\tat io.cucumber.testng.AbstractTestNGCucumberTests.runScenario(AbstractTestNGCucumberTests.java:35)\r\n\tat sun.reflect.NativeMethodAccessorImpl.invoke0(Native Method)\r\n\tat sun.reflect.NativeMethodAccessorImpl.invoke(NativeMethodAccessorImpl.java:62)\r\n\tat sun.reflect.DelegatingMethodAccessorImpl.invoke(DelegatingMethodAccessorImpl.java:43)\r\n\tat java.lang.reflect.Method.invoke(Method.java:498)\r\n\tat org.testng.internal.MethodInvocationHelper.invokeMethod(MethodInvocationHelper.java:84)\r\n\tat org.testng.internal.Invoker.invokeMethod(Invoker.java:714)\r\n\tat org.testng.internal.Invoker.invokeTestMethod(Invoker.java:901)\r\n\tat org.testng.internal.Invoker.invokeTestMethods(Invoker.java:1231)\r\n\tat org.testng.internal.TestMethodWorker.invokeTestMethods(TestMethodWorker.java:127)\r\n\tat org.testng.internal.TestMethodWorker.run(TestMethodWorker.java:111)\r\n\tat org.testng.TestRunner.privateRun(TestRunner.java:767)\r\n\tat org.testng.TestRunner.run(TestRunner.java:617)\r\n\tat org.testng.SuiteRunner.runTest(SuiteRunner.java:334)\r\n\tat org.testng.SuiteRunner.access$000(SuiteRunner.java:37)\r\n\tat org.testng.SuiteRunner$SuiteWorker.run(SuiteRunner.java:368)\r\n\tat org.testng.internal.thread.ThreadUtil$2.call(ThreadUtil.java:64)\r\n\tat java.util.concurrent.FutureTask.run(FutureTask.java:266)\r\n\tat java.util.concurrent.ThreadPoolExecutor.runWorker(ThreadPoolExecutor.java:1149)\r\n\tat java.util.concurrent.ThreadPoolExecutor$Worker.run(ThreadPoolExecutor.java:624)\r\n\tat java.lang.Thread.run(Thread.java:750)\r\nCaused by: java.lang.reflect.InvocationTargetException\r\n\tat sun.reflect.NativeConstructorAccessorImpl.newInstance0(Native Method)\r\n\tat sun.reflect.NativeConstructorAccessorImpl.newInstance(NativeConstructorAccessorImpl.java:62)\r\n\tat sun.reflect.DelegatingConstructorAccessorImpl.newInstance(DelegatingConstructorAccessorImpl.java:45)\r\n\tat java.lang.reflect.Constructor.newInstance(Constructor.java:423)\r\n\tat io.cucumber.core.backend.DefaultObjectFactory.cacheNewInstance(DefaultObjectFactory.java:53)\r\n\t... 37 more\r\nCaused by: java.lang.IllegalStateException: The path to the driver executable The path to the driver executable must be set by the webdriver.opera.driver system property; for more information, see https://github.com/operasoftware/operachromiumdriver. The latest version can be downloaded from https://github.com/operasoftware/operachromiumdriver/releases\r\n\tat org.openqa.selenium.internal.Require$StateChecker.nonNull(Require.java:311)\r\n\tat org.openqa.selenium.remote.service.DriverService.findExecutable(DriverService.java:135)\r\n\tat org.openqa.selenium.opera.OperaDriverService.access$000(OperaDriverService.java:38)\r\n\tat org.openqa.selenium.opera.OperaDriverService$Builder.findDefaultExecutable(OperaDriverService.java:154)\r\n\tat org.openqa.selenium.remote.service.DriverService$Builder.build(DriverService.java:437)\r\n\tat org.openqa.selenium.opera.OperaDriverService.createDefaultService(OperaDriverService.java:102)\r\n\tat org.openqa.selenium.opera.OperaDriver.<init>(OperaDriver.java:76)\r\n\tat Utilities.GWD.getDriver(GWD.java:77)\r\n\tat Pages.DialogContent.<init>(DialogContent.java:18)\r\n\tat StepDefinitions._01_LoginSteps.<init>(_01_LoginSteps.java:17)\r\n\t... 42 more\r\n","duration":557000000,"status":"failed"},"line":4,"name":"Navigate to basqar","match":{"location":"StepDefinitions._01_LoginSteps.navigateToBasqar()"},"keyword":"Given "},{"result":{"status":"skipped"},"line":5,"name":"Enter username and password and click login button","match":{"location":"StepDefinitions._01_LoginSteps.enterUsernameAndPasswordAndClickLoginButton()"},"keyword":"When "},{"result":{"status":"skipped"},"line":6,"name":"User should login successfuly","match":{"location":"StepDefinitions._01_LoginSteps.userShouldLoginSuccessfuly()"},"keyword":"Then "},{"result":{"status":"skipped"},"line":7,"name":"Navigate to country page","match":{"location":"StepDefinitions._02_CountrySteps.navigateToCountryPage()"},"keyword":"And "}]},{"start_timestamp":"2022-09-16T08:31:01.689Z","before":[{"result":{"duration":1000000,"status":"passed"},"match":{"location":"StepDefinitions.Hooks.before()"}}],"line":14,"name":"Create a country parameter data","description":"","id":"country-multi-scenario;create-a-country-parameter-data","after":[{"result":{"error_message":"java.lang.IllegalStateException: The path to the driver executable The path to the driver executable must be set by the webdriver.opera.driver system property; for more information, see https://github.com/operasoftware/operachromiumdriver. The latest version can be downloaded from https://github.com/operasoftware/operachromiumdriver/releases\r\n\tat org.openqa.selenium.internal.Require$StateChecker.nonNull(Require.java:311)\r\n\tat org.openqa.selenium.remote.service.DriverService.findExecutable(DriverService.java:135)\r\n\tat org.openqa.selenium.opera.OperaDriverService.access$000(OperaDriverService.java:38)\r\n\tat org.openqa.selenium.opera.OperaDriverService$Builder.findDefaultExecutable(OperaDriverService.java:154)\r\n\tat org.openqa.selenium.remote.service.DriverService$Builder.build(DriverService.java:437)\r\n\tat org.openqa.selenium.opera.OperaDriverService.createDefaultService(OperaDriverService.java:102)\r\n\tat org.openqa.selenium.opera.OperaDriver.<init>(OperaDriver.java:76)\r\n\tat Utilities.GWD.getDriver(GWD.java:77)\r\n\tat StepDefinitions.Hooks.after(Hooks.java:47)\r\n","duration":797000000,"status":"failed"},"match":{"location":"StepDefinitions.Hooks.after(io.cucumber.java.Scenario)"}}],"type":"scenario","keyword":"Scenario","steps":[{"result":{"status":"skipped"},"line":15,"name":"Create a country name as \"sinanYeni1\" code as \"code1\"","match":{"arguments":[{"val":"\"sinanYeni1\"","offset":25},{"val":"\"code1\"","offset":46}],"location":"StepDefinitions._02_CountrySteps.createACountryNameAsCodeAs(java.lang.String,java.lang.String)"},"keyword":"When "},{"result":{"status":"skipped"},"line":16,"name":"Success message should be displayed","match":{"location":"StepDefinitions._02_CountrySteps.successMessageShouldBeDisplayed()"},"keyword":"Then "}],"tags":[{"name":"@Regression"}]}],"name":"Country Multi Scenario","description":"","id":"country-multi-scenario","keyword":"Feature","uri":"file:src/test/java/FeatureFiles/_03_CountryMultipleScenarios.feature","tags":[]}]